11:31:19.145 INFO - Launching a standalone Selenium Server
11:31:19.175 INFO - Java: Oracle Corporation 25.73-b02
11:31:19.175 INFO - OS: Mac OS X 10.11.4 x86_64
11:31:19.185 INFO - v2.53.0, with Core v2.53.0. Built from revision 35ae25b
11:31:19.246 INFO - Driver provider org.openqa.selenium.ie.InternetExplorerDriver registration is skipped:
registration capabilities Capabilities [{ensureCleanSession=true, browserName=internet explorer, version=, platform=WINDOWS}] does not match the current platform MAC
11:31:19.246 INFO - Driver provider org.openqa.selenium.edge.EdgeDriver registration is skipped:
registration capabilities Capabilities [{browserName=MicrosoftEdge, version=, platform=WINDOWS}] does not match the current platform MAC
11:31:19.246 INFO - Driver class not found: com.opera.core.systems.OperaDriver
11:31:19.246 INFO - Driver provider com.opera.core.systems.OperaDriver is not registered
11:31:19.248 INFO - Driver class not found: org.openqa.selenium.htmlunit.HtmlUnitDriver
11:31:19.248 INFO - Driver provider org.openqa.selenium.htmlunit.HtmlUnitDriver is not registered
11:31:19.307 INFO - RemoteWebDriver instances should connect to: http://127.0.0.1:4444/wd/hub
11:31:19.307 INFO - Selenium Server is up and running
11:31:20.233 INFO - Executing: [new session: Capabilities [{acceptSslCerts=true, name=App, browserName=firefox, javascriptEnabled=true, platform=ANY}]])
11:31:20.243 INFO - Creating a new session for Capabilities [{acceptSslCerts=true, name=App, browserName=firefox, javascriptEnabled=true, platform=ANY}]
11:31:23.081 INFO - Done: [new session: Capabilities [{acceptSslCerts=true, name=App, browserName=firefox, javascriptEnabled=true, platform=ANY}]]
11:31:23.115 INFO - Executing: [get: https://www.vfsglobal.se/india/track_application_2.html])
11:31:24.940 INFO - Done: [get: https://www.vfsglobal.se/india/track_application_2.html]
11:31:24.949 INFO - Executing: [find elements: By.cssSelector: body])
11:31:25.016 INFO - Done: [find elements: By.cssSelector: body]
11:31:25.023 INFO - Executing: [is displayed: 0 [[FirefoxDriver: firefox on MAC (8409e061-8e10-764a-bd7f-82a0bd20aebd)] -> css selector: body]])
11:31:25.049 INFO - Done: [is displayed: 0 [[FirefoxDriver: firefox on MAC (8409e061-8e10-764a-bd7f-82a0bd20aebd)] -> css selector: body]]
11:31:25.062 INFO - Executing: [switch to frame: FRAME1])
11:31:25.098 INFO - Done: [switch to frame: FRAME1]
11:31:25.103 INFO - Executing: [find elements: By.cssSelector: input[id="ctl00_CPH_txtTrackingId"]])
11:31:25.113 INFO - Done: [find elements: By.cssSelector: input[id="ctl00_CPH_txtTrackingId"]]
11:31:25.118 INFO - Executing: [is displayed: 1 [[FirefoxDriver: firefox on MAC (8409e061-8e10-764a-bd7f-82a0bd20aebd)] -> css selector: input[id="ctl00_CPH_txtTrackingId"]]])
11:31:25.145 INFO - Done: [is displayed: 1 [[FirefoxDriver: firefox on MAC (8409e061-8e10-764a-bd7f-82a0bd20aebd)] -> css selector: input[id="ctl00_CPH_txtTrackingId"]]]
11:31:25.151 INFO - Executing: [find element: By.cssSelector: input[id="ctl00_CPH_txtTrackingId"]])
11:31:25.159 INFO - Done: [find element: By.cssSelector: input[id="ctl00_CPH_txtTrackingId"]]
11:31:25.164 INFO - Executing: [send keys: 1 [[FirefoxDriver: firefox on MAC (8409e061-8e10-764a-bd7f-82a0bd20aebd)] -> css selector: input[id="ctl00_CPH_txtTrackingId"]], [K, 7, 2, 4, 5, 2, 9, 2]])
11:31:25.230 INFO - Done: [send keys: 1 [[FirefoxDriver: firefox on MAC (8409e061-8e10-764a-bd7f-82a0bd20aebd)] -> css selector: input[id="ctl00_CPH_txtTrackingId"]], [K, 7, 2, 4, 5, 2, 9, 2]]
11:31:25.243 INFO - Executing: [find elements: By.cssSelector: input[id="ctl00_CPH_txtDOB_txtDate"]])
11:31:25.253 INFO - Done: [find elements: By.cssSelector: input[id="ctl00_CPH_txtDOB_txtDate"]]
11:31:25.257 INFO - Executing: [is displayed: 2 [[FirefoxDriver: firefox on MAC (8409e061-8e10-764a-bd7f-82a0bd20aebd)] -> css selector: input[id="ctl00_CPH_txtDOB_txtDate"]]])
11:31:25.270 INFO - Done: [is displayed: 2 [[FirefoxDriver: firefox on MAC (8409e061-8e10-764a-bd7f-82a0bd20aebd)] -> css selector: input[id="ctl00_CPH_txtDOB_txtDate"]]]
11:31:25.274 INFO - Executing: [find element: By.cssSelector: input[id="ctl00_CPH_txtDOB_txtDate"]])
11:31:25.281 INFO - Done: [find element: By.cssSelector: input[id="ctl00_CPH_txtDOB_txtDate"]]
11:31:25.285 INFO - Executing: [send keys: 2 [[FirefoxDriver: firefox on MAC (8409e061-8e10-764a-bd7f-82a0bd20aebd)] -> css selector: input[id="ctl00_CPH_txtDOB_txtDate"]], [1, 4, /, 1, 2, /, 1, 9, 8, 8]])
11:31:25.349 INFO - Done: [send keys: 2 [[FirefoxDriver: firefox on MAC (8409e061-8e10-764a-bd7f-82a0bd20aebd)] -> css selector: input[id="ctl00_CPH_txtDOB_txtDate"]], [1, 4, /, 1, 2, /, 1, 9, 8, 8]]
11:31:25.362 INFO - Executing: [find elements: By.cssSelector: input[id="ctl00_CPH_btnDOB"]])
11:31:25.377 INFO - Done: [find elements: By.cssSelector: input[id="ctl00_CPH_btnDOB"]]
11:31:25.382 INFO - Executing: [is displayed: 3 [[FirefoxDriver: firefox on MAC (8409e061-8e10-764a-bd7f-82a0bd20aebd)] -> css selector: input[id="ctl00_CPH_btnDOB"]]])
11:31:25.397 INFO - Done: [is displayed: 3 [[FirefoxDriver: firefox on MAC (8409e061-8e10-764a-bd7f-82a0bd20aebd)] -> css selector: input[id="ctl00_CPH_btnDOB"]]]
11:31:25.402 INFO - Executing: [find element: By.cssSelector: input[id="ctl00_CPH_btnDOB"]])
11:31:25.408 INFO - Done: [find element: By.cssSelector: input[id="ctl00_CPH_btnDOB"]]
11:31:25.414 INFO - Executing: [click: 3 [[FirefoxDriver: firefox on MAC (8409e061-8e10-764a-bd7f-82a0bd20aebd)] -> css selector: input[id="ctl00_CPH_btnDOB"]]])
11:31:25.507 INFO - Done: [click: 3 [[FirefoxDriver: firefox on MAC (8409e061-8e10-764a-bd7f-82a0bd20aebd)] -> css selector: input[id="ctl00_CPH_btnDOB"]]]
11:31:28.517 INFO - Executing: [find elements: By.cssSelector: td.fnstatus > table > tbody > tr > td])
11:31:28.524 INFO - Done: [find elements: By.cssSelector: td.fnstatus > table > tbody > tr > td]
11:31:28.527 INFO - Executing: [is displayed: 4 [[FirefoxDriver: firefox on MAC (8409e061-8e10-764a-bd7f-82a0bd20aebd)] -> css selector: td.fnstatus > table > tbody > tr > td]])
11:31:28.542 INFO - Done: [is displayed: 4 [[FirefoxDriver: firefox on MAC (8409e061-8e10-764a-bd7f-82a0bd20aebd)] -> css selector: td.fnstatus > table > tbody > tr > td]]
11:31:28.546 INFO - Executing: [find element: By.cssSelector: td.fnstatus > table > tbody > tr > td])
11:31:28.553 INFO - Done: [find element: By.cssSelector: td.fnstatus > table > tbody > tr > td]
11:31:28.558 INFO - Executing: [get text: 4 [[FirefoxDriver: firefox on MAC (8409e061-8e10-764a-bd7f-82a0bd20aebd)] -> css selector: td.fnstatus > table > tbody > tr > td]])
11:31:28.568 INFO - Done: [get text: 4 [[FirefoxDriver: firefox on MAC (8409e061-8e10-764a-bd7f-82a0bd20aebd)] -> css selector: td.fnstatus > table > tbody > tr > td]]
11:31:28.578 INFO - Executing: [get: https://accounts.google.com/ServiceLogin?service=mail&continue=https://mail.google.com/mail/#identifier])
11:31:29.192 INFO - Done: [get: https://accounts.google.com/ServiceLogin?service=mail&continue=https://mail.google.com/mail/#identifier]
11:31:29.202 INFO - Executing: [find elements: By.cssSelector: body])
11:31:29.417 INFO - Done: [find elements: By.cssSelector: body]
11:31:29.425 INFO - Executing: [is displayed: 5 [[FirefoxDriver: firefox on MAC (8409e061-8e10-764a-bd7f-82a0bd20aebd)] -> css selector: body]])
11:31:29.441 INFO - Done: [is displayed: 5 [[FirefoxDriver: firefox on MAC (8409e061-8e10-764a-bd7f-82a0bd20aebd)] -> css selector: body]]
11:31:29.449 INFO - Executing: [find elements: By.cssSelector: input#Email])
11:31:29.458 INFO - Done: [find elements: By.cssSelector: input#Email]
11:31:29.465 INFO - Executing: [is displayed: 6 [[FirefoxDriver: firefox on MAC (8409e061-8e10-764a-bd7f-82a0bd20aebd)] -> css selector: input#Email]])
11:31:29.483 INFO - Done: [is displayed: 6 [[FirefoxDriver: firefox on MAC (8409e061-8e10-764a-bd7f-82a0bd20aebd)] -> css selector: input#Email]]
11:31:29.489 INFO - Executing: [find element: By.cssSelector: input#Email])
11:31:29.503 INFO - Done: [find element: By.cssSelector: input#Email]
11:31:29.511 INFO - Executing: [send keys: 6 [[FirefoxDriver: firefox on MAC (8409e061-8e10-764a-bd7f-82a0bd20aebd)] -> css selector: input#Email], [j, o, n, v, a, ., n, i, g, h, t, f, a, l, l]])
11:31:29.640 INFO - Done: [send keys: 6 [[FirefoxDriver: firefox on MAC (8409e061-8e10-764a-bd7f-82a0bd20aebd)] -> css selector: input#Email], [j, o, n, v, a, ., n, i, g, h, t, f, a, l, l]]
11:31:29.644 INFO - Executing: [find element: By.cssSelector: input#next])
11:31:29.656 INFO - Done: [find element: By.cssSelector: input#next]
11:31:29.663 INFO - Executing: [click: 7 [[FirefoxDriver: firefox on MAC (8409e061-8e10-764a-bd7f-82a0bd20aebd)] -> css selector: input#next]])
11:31:29.743 INFO - Done: [click: 7 [[FirefoxDriver: firefox on MAC (8409e061-8e10-764a-bd7f-82a0bd20aebd)] -> css selector: input#next]]
11:31:29.749 INFO - Executing: [find elements: By.cssSelector: input#Passwd])
11:31:29.762 INFO - Done: [find elements: By.cssSelector: input#Passwd]
11:31:30.273 INFO - Executing: [find elements: By.cssSelector: input#Passwd])
11:31:30.902 INFO - Done: [find elements: By.cssSelector: input#Passwd]
11:31:30.906 INFO - Executing: [is displayed: 8 [[FirefoxDriver: firefox on MAC (8409e061-8e10-764a-bd7f-82a0bd20aebd)] -> css selector: input#Passwd]])
11:31:30.916 INFO - Done: [is displayed: 8 [[FirefoxDriver: firefox on MAC (8409e061-8e10-764a-bd7f-82a0bd20aebd)] -> css selector: input#Passwd]]
11:31:30.921 INFO - Executing: [find element: By.cssSelector: input#Passwd])
11:31:30.928 INFO - Done: [find element: By.cssSelector: input#Passwd]
11:31:30.933 INFO - Executing: [send keys: 8 [[FirefoxDriver: firefox on MAC (8409e061-8e10-764a-bd7f-82a0bd20aebd)] -> css selector: input#Passwd], [J, o, 5, 0, 0, 0, 0, 0, 0, 0]])
11:31:30.984 INFO - Done: [send keys: 8 [[FirefoxDriver: firefox on MAC (8409e061-8e10-764a-bd7f-82a0bd20aebd)] -> css selector: input#Passwd], [J, o, 5, 0, 0, 0, 0, 0, 0, 0]]
11:31:30.990 INFO - Executing: [find element: By.cssSelector: input#signIn])
11:31:31.001 INFO - Done: [find element: By.cssSelector: input#signIn]
11:31:31.007 INFO - Executing: [click: 9 [[FirefoxDriver: firefox on MAC (8409e061-8e10-764a-bd7f-82a0bd20aebd)] -> css selector: input#signIn]])
11:31:31.569 INFO - Done: [click: 9 [[FirefoxDriver: firefox on MAC (8409e061-8e10-764a-bd7f-82a0bd20aebd)] -> css selector: input#signIn]]
11:31:37.580 INFO - Executing: [find elements: By.xpath: //div[text()="COMPOSE"]])
11:31:37.836 INFO - Done: [find elements: By.xpath: //div[text()="COMPOSE"]]
11:31:37.840 INFO - Executing: [is displayed: 10 [[FirefoxDriver: firefox on MAC (8409e061-8e10-764a-bd7f-82a0bd20aebd)] -> xpath: //div[text()="COMPOSE"]]])
11:31:37.887 INFO - Done: [is displayed: 10 [[FirefoxDriver: firefox on MAC (8409e061-8e10-764a-bd7f-82a0bd20aebd)] -> xpath: //div[text()="COMPOSE"]]]
11:31:37.893 INFO - Executing: [find element: By.xpath: //div[text()="COMPOSE"]])
11:31:37.935 INFO - Done: [find element: By.xpath: //div[text()="COMPOSE"]]
11:31:37.944 INFO - Executing: [click: 10 [[FirefoxDriver: firefox on MAC (8409e061-8e10-764a-bd7f-82a0bd20aebd)] -> xpath: //div[text()="COMPOSE"]]])
11:31:38.777 INFO - Done: [click: 10 [[FirefoxDriver: firefox on MAC (8409e061-8e10-764a-bd7f-82a0bd20aebd)] -> xpath: //div[text()="COMPOSE"]]]
11:31:38.782 INFO - Executing: [find elements: By.xpath: //textarea[@name="to"]])
11:31:38.854 INFO - Done: [find elements: By.xpath: //textarea[@name="to"]]
11:31:38.859 INFO - Executing: [find element: By.xpath: //textarea[@name="to"]])
11:31:38.915 INFO - Done: [find element: By.xpath: //textarea[@name="to"]]
11:31:38.926 INFO - Executing: [send keys: 11 [[FirefoxDriver: firefox on MAC (8409e061-8e10-764a-bd7f-82a0bd20aebd)] -> xpath: //textarea[@name="to"]], [j, o, n, v, a, ., n, i, g, h, t, f, a, l, l, @, g, m, a, i, l, ., c, o, m, ;,  , a, p, a, r, n, a, ., d, e, e, p, t, h, i, @, g, m, a, i, l, ., c, o, m, ;]])
11:31:39.458 INFO - Done: [send keys: 11 [[FirefoxDriver: firefox on MAC (8409e061-8e10-764a-bd7f-82a0bd20aebd)] -> xpath: //textarea[@name="to"]], [j, o, n, v, a, ., n, i, g, h, t, f, a, l, l, @, g, m, a, i, l, ., c, o, m, ;,  , a, p, a, r, n, a, ., d, e, e, p, t, h, i, @, g, m, a, i, l, ., c, o, m, ;]]
11:31:39.467 INFO - Executing: [find elements: By.xpath: //input[@name="subjectbox"]])
11:31:39.669 INFO - Done: [find elements: By.xpath: //input[@name="subjectbox"]]
11:31:39.675 INFO - Executing: [is displayed: 12 [[FirefoxDriver: firefox on MAC (8409e061-8e10-764a-bd7f-82a0bd20aebd)] -> xpath: //input[@name="subjectbox"]]])
11:31:39.699 INFO - Done: [is displayed: 12 [[FirefoxDriver: firefox on MAC (8409e061-8e10-764a-bd7f-82a0bd20aebd)] -> xpath: //input[@name="subjectbox"]]]
11:31:39.707 INFO - Executing: [find element: By.xpath: //input[@name="subjectbox"]])
11:31:39.742 INFO - Done: [find element: By.xpath: //input[@name="subjectbox"]]
11:31:39.749 INFO - Executing: [send keys: 12 [[FirefoxDriver: firefox on MAC (8409e061-8e10-764a-bd7f-82a0bd20aebd)] -> xpath: //input[@name="subjectbox"]], [V, I, S, A,  , S, T, A, T, U, S,  , H, A, S,  , C, H, A, N, G, E, D, !, !,  , T, h, e,  , P, a, s, s, p, o, r, t,  , h, a, s,  , b, e, e, n,  , d, i, s, p, a, t, c, h, e, d,  , t, h, r, o, u, g, h,  , C, o, u, r, i, e, r,  , o, n,  , 1, 2, /, 0, 4, /, 2, 0, 1, 6,  , {, A, W, B,  , N, o, ., }, T, u, e,  , A, p, r,  , 1, 2,  , 2, 0, 1, 6,  , 1, 1, :, 3, 1, :, 2, 8,  , G, M, T, +, 0, 2, 0, 0,  , (, C, E, S, T, )]])
11:31:40.413 INFO - Done: [send keys: 12 [[FirefoxDriver: firefox on MAC (8409e061-8e10-764a-bd7f-82a0bd20aebd)] -> xpath: //input[@name="subjectbox"]], [V, I, S, A,  , S, T, A, T, U, S,  , H, A, S,  , C, H, A, N, G, E, D, !, !,  , T, h, e,  , P, a, s, s, p, o, r, t,  , h, a, s,  , b, e, e, n,  , d, i, s, p, a, t, c, h, e, d,  , t, h, r, o, u, g, h,  , C, o, u, r, i, e, r,  , o, n,  , 1, 2, /, 0, 4, /, 2, 0, 1, 6,  , {, A, W, B,  , N, o, ., }, T, u, e,  , A, p, r,  , 1, 2,  , 2, 0, 1, 6,  , 1, 1, :, 3, 1, :, 2, 8,  , G, M, T, +, 0, 2, 0, 0,  , (, C, E, S, T, )]]
11:31:40.426 INFO - Executing: [find elements: By.xpath: //div[@class="gmail_signature"]])
11:31:40.462 INFO - Done: [find elements: By.xpath: //div[@class="gmail_signature"]]
11:31:40.466 INFO - Executing: [is displayed: 13 [[FirefoxDriver: firefox on MAC (8409e061-8e10-764a-bd7f-82a0bd20aebd)] -> xpath: //div[@class="gmail_signature"]]])
11:31:40.479 INFO - Done: [is displayed: 13 [[FirefoxDriver: firefox on MAC (8409e061-8e10-764a-bd7f-82a0bd20aebd)] -> xpath: //div[@class="gmail_signature"]]]
11:31:40.483 INFO - Executing: [find element: By.xpath: //div[@class="gmail_signature"]])
11:31:40.515 INFO - Done: [find element: By.xpath: //div[@class="gmail_signature"]]
11:31:40.520 INFO - Executing: [send keys: 13 [[FirefoxDriver: firefox on MAC (8409e061-8e10-764a-bd7f-82a0bd20aebd)] -> xpath: //div[@class="gmail_signature"]], []])
11:31:40.551 INFO - Done: [send keys: 13 [[FirefoxDriver: firefox on MAC (8409e061-8e10-764a-bd7f-82a0bd20aebd)] -> xpath: //div[@class="gmail_signature"]], []]
11:31:40.559 INFO - Executing: [find elements: By.xpath: //div[@aria-label="Message Body"]])
11:31:40.603 INFO - Done: [find elements: By.xpath: //div[@aria-label="Message Body"]]
11:31:40.606 INFO - Executing: [is displayed: 14 [[FirefoxDriver: firefox on MAC (8409e061-8e10-764a-bd7f-82a0bd20aebd)] -> xpath: //div[@aria-label="Message Body"]]])
11:31:40.618 INFO - Done: [is displayed: 14 [[FirefoxDriver: firefox on MAC (8409e061-8e10-764a-bd7f-82a0bd20aebd)] -> xpath: //div[@aria-label="Message Body"]]]
11:31:40.623 INFO - Executing: [find element: By.xpath: //div[@aria-label="Message Body"]])
11:31:40.660 INFO - Done: [find element: By.xpath: //div[@aria-label="Message Body"]]
11:31:40.664 INFO - Executing: [send keys: 14 [[FirefoxDriver: firefox on MAC (8409e061-8e10-764a-bd7f-82a0bd20aebd)] -> xpath: //div[@aria-label="Message Body"]], []])
11:31:40.826 INFO - Done: [send keys: 14 [[FirefoxDriver: firefox on MAC (8409e061-8e10-764a-bd7f-82a0bd20aebd)] -> xpath: //div[@aria-label="Message Body"]], []]
11:31:40.832 INFO - Executing: [find element: By.xpath: //div[@aria-label="Message Body"]])
11:31:40.874 INFO - Done: [find element: By.xpath: //div[@aria-label="Message Body"]]
11:31:40.879 INFO - Executing: [send keys: 14 [[FirefoxDriver: firefox on MAC (8409e061-8e10-764a-bd7f-82a0bd20aebd)] -> xpath: //div[@aria-label="Message Body"]], [
, 
, 
, 
, 
, T, h, e,  , P, a, s, s, p, o, r, t,  , h, a, s,  , b, e, e, n,  , d, i, s, p, a, t, c, h, e, d,  , t, h, r, o, u, g, h,  , C, o, u, r, i, e, r,  , o, n,  , 1, 2, /, 0, 4, /, 2, 0, 1, 6,  , {, A, W, B,  , N, o, ., }, 
, 
, 
,  , L, o, v, e, ,,  , 
, 
,  , N, i, k, h, i, l, a, p, p, a, m]])
11:31:41.684 INFO - Done: [send keys: 14 [[FirefoxDriver: firefox on MAC (8409e061-8e10-764a-bd7f-82a0bd20aebd)] -> xpath: //div[@aria-label="Message Body"]], [
, 
, 
, 
, 
, T, h, e,  , P, a, s, s, p, o, r, t,  , h, a, s,  , b, e, e, n,  , d, i, s, p, a, t, c, h, e, d,  , t, h, r, o, u, g, h,  , C, o, u, r, i, e, r,  , o, n,  , 1, 2, /, 0, 4, /, 2, 0, 1, 6,  , {, A, W, B,  , N, o, ., }, 
, 
, 
,  , L, o, v, e, ,,  , 
, 
,  , N, i, k, h, i, l, a, p, p, a, m]]
11:31:41.689 INFO - Executing: [find element: By.xpath: //div[text()="Send"]])
11:31:41.747 INFO - Done: [find element: By.xpath: //div[text()="Send"]]
11:31:41.754 INFO - Executing: [click: 15 [[FirefoxDriver: firefox on MAC (8409e061-8e10-764a-bd7f-82a0bd20aebd)] -> xpath: //div[text()="Send"]]])
11:31:42.017 INFO - Done: [click: 15 [[FirefoxDriver: firefox on MAC (8409e061-8e10-764a-bd7f-82a0bd20aebd)] -> xpath: //div[text()="Send"]]]
11:31:44.023 INFO - Executing: [delete session: f72580b2-2820-47ae-9b0a-599f2c220387])
11:31:44.187 INFO - Done: [delete session: f72580b2-2820-47ae-9b0a-599f2c220387]
